Case #1: [E, A]
Case #2: [R, I, R]
Case #3: [F, D, T]
Case #4: [Z, E, R, A]
Case #5: []
Case #6: [A, W, F, D, F, Q, S, R, X]
Case #7: [P, F, S, S, W, F, A, A, W]
Case #8: []
Case #9: [W]
Case #10: [D, E, A, F, D, E, A, R, S]
Case #11: []
Case #12: [S, F, S, S, U, E, S, U]
Case #13: [M, Q, Q]
Case #14: [E, D]
Case #15: [G, S, G, D, R, F, F, A]
Case #16: [G, E, R, E, E, D, R, R, Q]
Case #17: [A, S, E, D, E, D, Z, R, S]
Case #18: [D]
Case #19: [P, F, S, E]
Case #20: [A, A, E, F, S, F, Q, M, S]
Case #21: [W, U, S, R, F, W]
Case #22: [D, O, A, O, W, A, O]
Case #23: [E, S, Y, E, S, R, F, R, S]
Case #24: [R, D, G, Q, A]
Case #25: [D, A]
Case #26: []
Case #27: [R, W, C, R, A, S, F, F, S]
Case #28: [F, Q, W, B, B, A, S, R]
Case #29: [A, A, R, S, C, E, Q, Q, W]
Case #30: [A, W, A, R, E, N, E, S, S]
Case #31: [Q, F, W]
Case #32: [D]
Case #33: [R, E, F, A]
Case #34: [E, R, W, R, R, W, C, W, E]
Case #35: [E, W, R, D, E, E, W, N, F]
Case #36: [Y, Q, R]
Case #37: [W, D, Q, W, A, F, D, F, C]
Case #38: [F, A, E, E, E, S, U, W, W]
Case #39: [D, Z]
Case #40: [E, Q, E]
Case #41: [E, A, D, E, V, V, S, A]
Case #42: [F, E, R]
Case #43: [R, E, E, Q, A, W, Q, R, X]
Case #44: [Y, R, E, A, R, S, R, A, Q]
Case #45: [V]
Case #46: [D, X, R]
Case #47: [W, F, Q, M, F, D, F, F, W]
Case #48: [S]
Case #49: []
Case #50: [F]
Case #51: [A, E, E, E, W, W, M, E, W]
Case #52: [W, L, F, W, S, W, Q, Q, D]
Case #53: [R]
Case #54: [S, A, W, F, E, K, E, F, F]
Case #55: [S, F, F, E, R]
Case #56: [R, S, B, S, S, D, R, F, R]
Case #57: [R, Q, W, A, Q, R, Q, D, B]
Case #58: [D, R, P, P, S]
Case #59: [G, D, A, F, S]
Case #60: [H, Q, H, E, E, Q, E, D]
Case #61: [S, W, A]
Case #62: [W, W]
Case #63: [S, E, S]
Case #64: [S, S, Y, S, Y, D, Q, D]
Case #65: [X, Q, W, D, Q, W, A, F, D]
Case #66: [P, R, E, E, S]
Case #67: [Q, R, S, W, F, A, K, R, A]
Case #68: [E, S, Q, S, D, W]
Case #69: [R, Q, A, T, W, D]
Case #70: [Z, Z, Z, Z, Z]
Case #71: [L]
Case #72: [M, D, F, A]
Case #73: [E, W, S, R, W]
Case #74: [D, D, W]
Case #75: [A, A, A, A, A, A, A, A, A, A]
Case #76: [W]
Case #77: [W, Q, S, W, W, R, S, Z, D]
Case #78: [D, P, D, S, P, S, Q, D]
Case #79: [S, S, E, A, S]
Case #80: [E, F, A, W, A, E, E, D, M]
Case #81: [C, Q, W, R, R]
Case #82: [Q, Q, W, E, R, G, D, F, S]
Case #83: [B, R, A, F, E, A, Q, W, R]
Case #84: [A, D]
Case #85: [Q, S, D, F, F, C, C, E]
Case #86: [D, F, K, Q, E, Q, D, D, W]
Case #87: [V, Q, S, D, D]
Case #88: [M, F, F, Q, M, E, Q, Q]
Case #89: [Q, A, W, Z, W, D, A, S, A]
Case #90: [A, X, R, E, A, F, F, F, E]
Case #91: [S, D, P, S, E, E, A, A, E]
Case #92: [R, Q, S, D]
Case #93: [E, K, F, D, E, E, W, F, S]
Case #94: [D, A, K, A, D, D, R, D, E]
Case #95: []
Case #96: [U, R, W, E, A]
Case #97: [F, F, D]
Case #98: []
Case #99: [F, A, E, R]
Case #100: [P, W, R]
